[debug] [2020-10-21T05:20:37.629Z] ----------------------------------------------------------------------
[debug] [2020-10-21T05:20:37.631Z] Command:       C:\Program Files\nodejs\node.exe C:\Users\Gdst\AppData\Roaming\npm\node_modules\firebase-tools\lib\bin\firebase.js serve
[debug] [2020-10-21T05:20:37.632Z] CLI Version:   8.12.1
[debug] [2020-10-21T05:20:37.632Z] Platform:      win32
[debug] [2020-10-21T05:20:37.632Z] Node Version:  v12.18.3
[debug] [2020-10-21T05:20:37.633Z] Time:          Tue Oct 20 2020 22:20:37 GMT-0700 (Pacific Daylight Time)
[debug] [2020-10-21T05:20:37.633Z] ----------------------------------------------------------------------
[debug] [2020-10-21T05:20:37.633Z] 
[debug] [2020-10-21T05:20:37.643Z] > command requires scopes: ["email","openid","https://www.googleapis.com/auth/cloudplatformprojects.readonly","https://www.googleapis.com/auth/firebase","https://www.googleapis.com/auth/cloud-platform"]
[debug] [2020-10-21T05:20:37.644Z] > authorizing via signed-in user
[debug] [2020-10-21T05:20:37.645Z] [iam] checking project coffeerun-305a3 for permissions ["firebase.projects.get"]
[debug] [2020-10-21T05:20:37.650Z] >>> HTTP REQUEST POST https://cloudresourcemanager.googleapis.com/v1/projects/coffeerun-305a3:testIamPermissions  
 {"permissions":["firebase.projects.get"]}
[debug] [2020-10-21T05:20:38.003Z] <<< HTTP RESPONSE 200 {"content-type":"application/json; charset=UTF-8","vary":"X-Origin, Referer, Origin,Accept-Encoding","date":"Wed, 21 Oct 2020 05:20:37 GMT","server":"ESF","cache-control":"private","x-xss-protection":"0","x-frame-options":"SAMEORIGIN","x-content-type-options":"nosniff","server-timing":"gfet4t7; dur=247","alt-svc":"h3-Q050=\":443\"; ma=2592000,h3-29=\":443\"; ma=2592000,h3-27=\":443\"; ma=2592000,h3-T051=\":443\"; ma=2592000,h3-T050=\":443\"; ma=2592000,h3-Q046=\":443\"; ma=2592000,h3-Q043=\":443\"; ma=2592000,quic=\":443\"; ma=2592000; v=\"46,43\"","accept-ranges":"none","transfer-encoding":"chunked"}
[debug] [2020-10-21T05:20:38.005Z] >>> HTTP REQUEST GET https://firebase.googleapis.com/v1beta1/projects/coffeerun-305a3  
 
[debug] [2020-10-21T05:20:38.232Z] <<< HTTP RESPONSE 200 {"content-type":"application/json; charset=UTF-8","vary":"X-Origin, Referer, Origin,Accept-Encoding","date":"Wed, 21 Oct 2020 05:20:37 GMT","server":"ESF","cache-control":"private","x-xss-protection":"0","x-frame-options":"SAMEORIGIN","x-content-type-options":"nosniff","alt-svc":"h3-Q050=\":443\"; ma=2592000,h3-29=\":443\"; ma=2592000,h3-T051=\":443\"; ma=2592000,h3-T050=\":443\"; ma=2592000,h3-Q046=\":443\"; ma=2592000,h3-Q043=\":443\"; ma=2592000,quic=\":443\"; ma=2592000; v=\"46,43\"","accept-ranges":"none","transfer-encoding":"chunked"}
[info] 
[info] === Serving from 'C:\Users\Gdst\Desktop\CPSC349-HW4-main'...
[info] 
[debug] [2020-10-21T05:20:38.238Z] >>> HTTP REQUEST GET https://firebase.googleapis.com/v1beta1/projects/coffeerun-305a3/webApps/-/config  
 
[debug] [2020-10-21T05:20:38.615Z] <<< HTTP RESPONSE 200 {"content-type":"application/json; charset=UTF-8","vary":"X-Origin, Referer, Origin,Accept-Encoding","date":"Wed, 21 Oct 2020 05:20:37 GMT","server":"ESF","cache-control":"private","x-xss-protection":"0","x-frame-options":"SAMEORIGIN","x-content-type-options":"nosniff","alt-svc":"h3-Q050=\":443\"; ma=2592000,h3-29=\":443\"; ma=2592000,h3-T051=\":443\"; ma=2592000,h3-T050=\":443\"; ma=2592000,h3-Q046=\":443\"; ma=2592000,h3-Q043=\":443\"; ma=2592000,quic=\":443\"; ma=2592000; v=\"46,43\"","accept-ranges":"none","transfer-encoding":"chunked"}
[info] i  hosting: Serving hosting files from: CPSC349-HW-MAIN {"metadata":{"emulator":{"name":"hosting"},"message":"Serving hosting files from: \u001b[1mCPSC349-HW-MAIN\u001b[22m"}}
[info] +  hosting: Local server: http://localhost:5000 {"metadata":{"emulator":{"name":"hosting"},"message":"Local server: \u001b[4m\u001b[1mhttp://localhost:5000\u001b[22m\u001b[24m"}}
[warn] !  Your requested "node" version "10" doesn't match your global version "12" {"metadata":{"emulator":{"name":"functions"},"message":"Your requested \"node\" version \"10\" doesn't match your global version \"12\""}}
[debug] [2020-10-21T05:20:40.254Z] defaultcredentials: writing to file C:\Users\Gdst\AppData\Roaming\firebase\faith8259_gmail_com_application_default_credentials.json
[debug] [2020-10-21T05:20:40.256Z] Setting GAC to C:\Users\Gdst\AppData\Roaming\firebase\faith8259_gmail_com_application_default_credentials.json {"metadata":{"emulator":{"name":"functions"},"message":"Setting GAC to C:\\Users\\Gdst\\AppData\\Roaming\\firebase\\faith8259_gmail_com_application_default_credentials.json"}}
[info] i  functions: Watching "C:\Users\Gdst\Desktop\CPSC349-HW4-main\functions" for Cloud Functions... {"metadata":{"emulator":{"name":"functions"},"message":"Watching \"C:\\Users\\Gdst\\Desktop\\CPSC349-HW4-main\\functions\" for Cloud Functions..."}}
[debug] [2020-10-21T05:20:40.299Z] [worker-pool] addWorker(~diagnostic~) {"metadata":{"emulator":{"name":"functions"},"message":"[worker-pool] addWorker(~diagnostic~)"}}
[debug] [2020-10-21T05:20:40.299Z] [worker-pool] Adding worker with key ~diagnostic~, total=1 {"metadata":{"emulator":{"name":"functions"},"message":"[worker-pool] Adding worker with key ~diagnostic~, total=1"}}
[debug] [2020-10-21T05:20:40.300Z] [worker-pool] submitWork(triggerId=) {"metadata":{"emulator":{"name":"functions"},"message":"[worker-pool] submitWork(triggerId=)"}}
[debug] [2020-10-21T05:20:40.300Z] [worker-~diagnostic~-ec875740-baed-4ab7-b9e6-26761c16a072]: Assigning socketPath: \\?\pipe\C:\Users\Gdst\Desktop\CPSC349-HW4-main\functions\16668 {"metadata":{"emulator":{"name":"functions"},"message":"[worker-~diagnostic~-ec875740-baed-4ab7-b9e6-26761c16a072]: Assigning socketPath: \\\\?\\pipe\\C:\\Users\\Gdst\\Desktop\\CPSC349-HW4-main\\functions\\16668"}}
[debug] [2020-10-21T05:20:40.300Z] [worker-~diagnostic~-ec875740-baed-4ab7-b9e6-26761c16a072]: BUSY {"metadata":{"emulator":{"name":"functions"},"message":"[worker-~diagnostic~-ec875740-baed-4ab7-b9e6-26761c16a072]: BUSY"}}
[info] i  hosting: 127.0.0.1 - - [21/Oct/2020:05:20:40 +0000] "GET / HTTP/1.1" 200 3934 "-" "Mozilla/5.0 (Windows NT 10.0; WOW64) AppleWebKit/537.36 (KHTML, like Gecko) Chrome/85.0.4183.106 Safari/537.36" {"metadata":{"emulator":{"name":"hosting"},"message":"127.0.0.1 - - [21/Oct/2020:05:20:40 +0000] \"GET / HTTP/1.1\" 200 3934 \"-\" \"Mozilla/5.0 (Windows NT 10.0; WOW64) AppleWebKit/537.36 (KHTML, like Gecko) Chrome/85.0.4183.106 Safari/537.36\""}}
[debug] [2020-10-21T05:20:41.274Z] [runtime-status] [16668] Functions runtime initialized. {"cwd":"C:\\Users\\Gdst\\Desktop\\CPSC349-HW4-main\\functions","node_version":"12.18.3"} {"metadata":{"emulator":{"name":"functions"},"message":"[runtime-status] [16668] Functions runtime initialized. {\"cwd\":\"C:\\\\Users\\\\Gdst\\\\Desktop\\\\CPSC349-HW4-main\\\\functions\",\"node_version\":\"12.18.3\"}"}}
[debug] [2020-10-21T05:20:41.279Z] [runtime-status] [16668] Disabled runtime features: undefined {"metadata":{"emulator":{"name":"functions"},"message":"[runtime-status] [16668] Disabled runtime features: undefined"}}
[debug] [2020-10-21T05:20:41.283Z] [runtime-status] [16668] Resolved module firebase-admin {"declared":true,"installed":true,"version":"8.13.0","resolution":"C:\\Users\\Gdst\\Desktop\\CPSC349-HW4-main\\functions\\node_modules\\firebase-admin\\lib\\index.js"} {"metadata":{"emulator":{"name":"functions"},"message":"[runtime-status] [16668] Resolved module firebase-admin {\"declared\":true,\"installed\":true,\"version\":\"8.13.0\",\"resolution\":\"C:\\\\Users\\\\Gdst\\\\Desktop\\\\CPSC349-HW4-main\\\\functions\\\\node_modules\\\\firebase-admin\\\\lib\\\\index.js\"}"}}
[debug] [2020-10-21T05:20:41.289Z] [runtime-status] [16668] Resolved module firebase-functions {"declared":true,"installed":true,"version":"3.11.0","resolution":"C:\\Users\\Gdst\\Desktop\\CPSC349-HW4-main\\functions\\node_modules\\firebase-functions\\lib\\index.js"} {"metadata":{"emulator":{"name":"functions"},"message":"[runtime-status] [16668] Resolved module firebase-functions {\"declared\":true,\"installed\":true,\"version\":\"3.11.0\",\"resolution\":\"C:\\\\Users\\\\Gdst\\\\Desktop\\\\CPSC349-HW4-main\\\\functions\\\\node_modules\\\\firebase-functions\\\\lib\\\\index.js\"}"}}
[debug] [2020-10-21T05:20:41.291Z] [runtime-status] [16668] Resolved module firebase-functions {"declared":true,"installed":true,"version":"3.11.0","resolution":"C:\\Users\\Gdst\\Desktop\\CPSC349-HW4-main\\functions\\node_modules\\firebase-functions\\lib\\index.js"} {"metadata":{"emulator":{"name":"functions"},"message":"[runtime-status] [16668] Resolved module firebase-functions {\"declared\":true,\"installed\":true,\"version\":\"3.11.0\",\"resolution\":\"C:\\\\Users\\\\Gdst\\\\Desktop\\\\CPSC349-HW4-main\\\\functions\\\\node_modules\\\\firebase-functions\\\\lib\\\\index.js\"}"}}
[debug] [2020-10-21T05:20:41.294Z] [runtime-status] [16668] Outgoing network have been stubbed. [{"name":"http","status":"mocked"},{"name":"http","status":"mocked"},{"name":"https","status":"mocked"},{"name":"https","status":"mocked"},{"name":"net","status":"mocked"}] {"metadata":{"emulator":{"name":"functions"},"message":"[runtime-status] [16668] Outgoing network have been stubbed. [{\"name\":\"http\",\"status\":\"mocked\"},{\"name\":\"http\",\"status\":\"mocked\"},{\"name\":\"https\",\"status\":\"mocked\"},{\"name\":\"https\",\"status\":\"mocked\"},{\"name\":\"net\",\"status\":\"mocked\"}]"}}
[debug] [2020-10-21T05:20:41.294Z] [runtime-status] [16668] Resolved module firebase-functions {"declared":true,"installed":true,"version":"3.11.0","resolution":"C:\\Users\\Gdst\\Desktop\\CPSC349-HW4-main\\functions\\node_modules\\firebase-functions\\lib\\index.js"} {"metadata":{"emulator":{"name":"functions"},"message":"[runtime-status] [16668] Resolved module firebase-functions {\"declared\":true,\"installed\":true,\"version\":\"3.11.0\",\"resolution\":\"C:\\\\Users\\\\Gdst\\\\Desktop\\\\CPSC349-HW4-main\\\\functions\\\\node_modules\\\\firebase-functions\\\\lib\\\\index.js\"}"}}
[debug] [2020-10-21T05:20:41.359Z] [runtime-status] [16668] Checked functions.config() {"config":{}} {"metadata":{"emulator":{"name":"functions"},"message":"[runtime-status] [16668] Checked functions.config() {\"config\":{}}"}}
[debug] [2020-10-21T05:20:41.360Z] [runtime-status] [16668] firebase-functions has been stubbed. {"functionsResolution":{"declared":true,"installed":true,"version":"3.11.0","resolution":"C:\\Users\\Gdst\\Desktop\\CPSC349-HW4-main\\functions\\node_modules\\firebase-functions\\lib\\index.js"}} {"metadata":{"emulator":{"name":"functions"},"message":"[runtime-status] [16668] firebase-functions has been stubbed. {\"functionsResolution\":{\"declared\":true,\"installed\":true,\"version\":\"3.11.0\",\"resolution\":\"C:\\\\Users\\\\Gdst\\\\Desktop\\\\CPSC349-HW4-main\\\\functions\\\\node_modules\\\\firebase-functions\\\\lib\\\\index.js\"}}"}}
[debug] [2020-10-21T05:20:41.360Z] [runtime-status] [16668] Resolved module firebase-functions {"declared":true,"installed":true,"version":"3.11.0","resolution":"C:\\Users\\Gdst\\Desktop\\CPSC349-HW4-main\\functions\\node_modules\\firebase-functions\\lib\\index.js"} {"metadata":{"emulator":{"name":"functions"},"message":"[runtime-status] [16668] Resolved module firebase-functions {\"declared\":true,\"installed\":true,\"version\":\"3.11.0\",\"resolution\":\"C:\\\\Users\\\\Gdst\\\\Desktop\\\\CPSC349-HW4-main\\\\functions\\\\node_modules\\\\firebase-functions\\\\lib\\\\index.js\"}"}}
[debug] [2020-10-21T05:20:41.362Z] [runtime-status] [16668] Resolved module firebase-admin {"declared":true,"installed":true,"version":"8.13.0","resolution":"C:\\Users\\Gdst\\Desktop\\CPSC349-HW4-main\\functions\\node_modules\\firebase-admin\\lib\\index.js"} {"metadata":{"emulator":{"name":"functions"},"message":"[runtime-status] [16668] Resolved module firebase-admin {\"declared\":true,\"installed\":true,\"version\":\"8.13.0\",\"resolution\":\"C:\\\\Users\\\\Gdst\\\\Desktop\\\\CPSC349-HW4-main\\\\functions\\\\node_modules\\\\firebase-admin\\\\lib\\\\index.js\"}"}}
[debug] [2020-10-21T05:20:41.363Z] [runtime-status] [16668] Resolved module firebase-functions {"declared":true,"installed":true,"version":"3.11.0","resolution":"C:\\Users\\Gdst\\Desktop\\CPSC349-HW4-main\\functions\\node_modules\\firebase-functions\\lib\\index.js"} {"metadata":{"emulator":{"name":"functions"},"message":"[runtime-status] [16668] Resolved module firebase-functions {\"declared\":true,\"installed\":true,\"version\":\"3.11.0\",\"resolution\":\"C:\\\\Users\\\\Gdst\\\\Desktop\\\\CPSC349-HW4-main\\\\functions\\\\node_modules\\\\firebase-functions\\\\lib\\\\index.js\"}"}}
[debug] [2020-10-21T05:20:41.363Z] [runtime-status] [16668] firebase-admin has been stubbed. {"adminResolution":{"declared":true,"installed":true,"version":"8.13.0","resolution":"C:\\Users\\Gdst\\Desktop\\CPSC349-HW4-main\\functions\\node_modules\\firebase-admin\\lib\\index.js"}} {"metadata":{"emulator":{"name":"functions"},"message":"[runtime-status] [16668] firebase-admin has been stubbed. {\"adminResolution\":{\"declared\":true,\"installed\":true,\"version\":\"8.13.0\",\"resolution\":\"C:\\\\Users\\\\Gdst\\\\Desktop\\\\CPSC349-HW4-main\\\\functions\\\\node_modules\\\\firebase-admin\\\\lib\\\\index.js\"}}"}}
[debug] [2020-10-21T05:20:41.365Z] [worker-~diagnostic~-ec875740-baed-4ab7-b9e6-26761c16a072]: IDLE {"metadata":{"emulator":{"name":"functions"},"message":"[worker-~diagnostic~-ec875740-baed-4ab7-b9e6-26761c16a072]: IDLE"}}
