[debug] [2020-10-17T03:30:13.907Z] ----------------------------------------------------------------------
[debug] [2020-10-17T03:30:13.910Z] Command:       C:\Program Files\nodejs\node.exe C:\Users\Gdst\AppData\Roaming\npm\node_modules\firebase-tools\lib\bin\firebase.js emulators:start --only hosting
[debug] [2020-10-17T03:30:13.910Z] CLI Version:   8.12.1
[debug] [2020-10-17T03:30:13.910Z] Platform:      win32
[debug] [2020-10-17T03:30:13.910Z] Node Version:  v12.18.3
[debug] [2020-10-17T03:30:13.912Z] Time:          Fri Oct 16 2020 20:30:13 GMT-0700 (Pacific Daylight Time)
[debug] [2020-10-17T03:30:13.912Z] ----------------------------------------------------------------------
[debug] [2020-10-17T03:30:13.912Z] 
[debug] [2020-10-17T03:30:13.922Z] > command requires scopes: ["email","openid","https://www.googleapis.com/auth/cloudplatformprojects.readonly","https://www.googleapis.com/auth/firebase","https://www.googleapis.com/auth/cloud-platform"]
[debug] [2020-10-17T03:30:13.923Z] > authorizing via signed-in user
[info] i  emulators: Starting emulators:  {"metadata":{"emulator":{"name":"hub"},"message":"Starting emulators: "}}
[warn] !  hosting: Not starting the hosting emulator, make sure you have run firebase init. {"metadata":{"emulator":{"name":"hosting"},"message":"Not starting the \u001b[1mhosting\u001b[22m emulator, make sure you have run \u001b[1mfirebase init\u001b[22m."}}
[warn] !  hub: emulator hub unable to start on port 4400, starting on 4401 instead. {"metadata":{"emulator":{"name":"hub"},"message":"emulator hub unable to start on port 4400, starting on 4401 instead."}}
[warn] !  emulators: It seems that you are running multiple instances of the emulator suite for project coffeerun-305a3. This may result in unexpected behavior. 
[debug] [2020-10-17T03:30:14.040Z] [hub] writing locator at C:\Users\Gdst\AppData\Local\Temp\hub-coffeerun-305a3.json
[info] 
┌──────────────────────────────────────────────────────────────┐
│ ✔  All emulators ready! It is now safe to connect your apps. │
└──────────────────────────────────────────────────────────────┘

┌──────────┬───────────┐
│ Emulator │ Host:Port │
└──────────┴───────────┘
  Other reserved ports: 4401

Issues? Report them at https://github.com/firebase/firebase-tools/issues and attach the *-debug.log files.
 
